<?xml version="1.0" encoding="UTF-8"?>
<testsuite xmlns:xsi="http://www.w3.org/2001/XMLSchema-instance" xsi:noNamespaceSchemaLocation="https://maven.apache.org/surefire/maven-surefire-plugin/xsd/surefire-test-report-3.0.xsd" version="3.0" name="TestSuite" time="11.168" tests="3" errors="0" skipped="0" failures="0">
  <properties>
    <property name="java.specification.version" value="21"/>
    <property name="sun.cpu.isalist" value="amd64"/>
    <property name="sun.jnu.encoding" value="Cp1252"/>
    <property name="java.class.path" value="D:\Workspace_Sel\Selenium_Workspace\target\test-classes;D:\Workspace_Sel\Selenium_Workspace\target\classes;C:\Users\nisha\.m2\repository\org\seleniumhq\selenium\selenium-java\4.24.0\selenium-java-4.24.0.jar;C:\Users\nisha\.m2\repository\org\seleniumhq\selenium\selenium-api\4.24.0\selenium-api-4.24.0.jar;C:\Users\nisha\.m2\repository\org\jspecify\jspecify\1.0.0\jspecify-1.0.0.jar;C:\Users\nisha\.m2\repository\org\seleniumhq\selenium\selenium-chrome-driver\4.24.0\selenium-chrome-driver-4.24.0.jar;C:\Users\nisha\.m2\repository\com\google\auto\service\auto-service-annotations\1.1.1\auto-service-annotations-1.1.1.jar;C:\Users\nisha\.m2\repository\org\seleniumhq\selenium\selenium-chromium-driver\4.24.0\selenium-chromium-driver-4.24.0.jar;C:\Users\nisha\.m2\repository\org\seleniumhq\selenium\selenium-json\4.24.0\selenium-json-4.24.0.jar;C:\Users\nisha\.m2\repository\org\seleniumhq\selenium\selenium-manager\4.24.0\selenium-manager-4.24.0.jar;C:\Users\nisha\.m2\repository\org\seleniumhq\selenium\selenium-devtools-v126\4.24.0\selenium-devtools-v126-4.24.0.jar;C:\Users\nisha\.m2\repository\org\seleniumhq\selenium\selenium-devtools-v127\4.24.0\selenium-devtools-v127-4.24.0.jar;C:\Users\nisha\.m2\repository\org\seleniumhq\selenium\selenium-devtools-v128\4.24.0\selenium-devtools-v128-4.24.0.jar;C:\Users\nisha\.m2\repository\org\seleniumhq\selenium\selenium-devtools-v85\4.24.0\selenium-devtools-v85-4.24.0.jar;C:\Users\nisha\.m2\repository\org\seleniumhq\selenium\selenium-edge-driver\4.24.0\selenium-edge-driver-4.24.0.jar;C:\Users\nisha\.m2\repository\org\seleniumhq\selenium\selenium-firefox-driver\4.24.0\selenium-firefox-driver-4.24.0.jar;C:\Users\nisha\.m2\repository\org\seleniumhq\selenium\selenium-http\4.24.0\selenium-http-4.24.0.jar;C:\Users\nisha\.m2\repository\dev\failsafe\failsafe\3.3.2\failsafe-3.3.2.jar;C:\Users\nisha\.m2\repository\org\seleniumhq\selenium\selenium-ie-driver\4.24.0\selenium-ie-driver-4.24.0.jar;C:\Users\nisha\.m2\repository\org\seleniumhq\selenium\selenium-remote-driver\4.24.0\selenium-remote-driver-4.24.0.jar;C:\Users\nisha\.m2\repository\com\google\guava\guava\33.3.0-jre\guava-33.3.0-jre.jar;C:\Users\nisha\.m2\repository\com\google\guava\failureaccess\1.0.2\failureaccess-1.0.2.jar;C:\Users\nisha\.m2\repository\com\google\guava\listenablefuture\9999.0-empty-to-avoid-conflict-with-guava\listenablefuture-9999.0-empty-to-avoid-conflict-with-guava.jar;C:\Users\nisha\.m2\repository\com\google\code\findbugs\jsr305\3.0.2\jsr305-3.0.2.jar;C:\Users\nisha\.m2\repository\org\checkerframework\checker-qual\3.43.0\checker-qual-3.43.0.jar;C:\Users\nisha\.m2\repository\com\google\errorprone\error_prone_annotations\2.28.0\error_prone_annotations-2.28.0.jar;C:\Users\nisha\.m2\repository\com\google\j2objc\j2objc-annotations\3.0.0\j2objc-annotations-3.0.0.jar;C:\Users\nisha\.m2\repository\io\opentelemetry\semconv\opentelemetry-semconv\1.25.0-alpha\opentelemetry-semconv-1.25.0-alpha.jar;C:\Users\nisha\.m2\repository\io\opentelemetry\opentelemetry-api\1.41.0\opentelemetry-api-1.41.0.jar;C:\Users\nisha\.m2\repository\io\opentelemetry\opentelemetry-context\1.41.0\opentelemetry-context-1.41.0.jar;C:\Users\nisha\.m2\repository\io\opentelemetry\opentelemetry-exporter-logging\1.41.0\opentelemetry-exporter-logging-1.41.0.jar;C:\Users\nisha\.m2\repository\io\opentelemetry\opentelemetry-sdk-common\1.41.0\opentelemetry-sdk-common-1.41.0.jar;C:\Users\nisha\.m2\repository\io\opentelemetry\opentelemetry-sdk-extension-autoconfigure-spi\1.41.0\opentelemetry-sdk-extension-autoconfigure-spi-1.41.0.jar;C:\Users\nisha\.m2\repository\io\opentelemetry\opentelemetry-sdk-extension-autoconfigure\1.41.0\opentelemetry-sdk-extension-autoconfigure-1.41.0.jar;C:\Users\nisha\.m2\repository\io\opentelemetry\opentelemetry-api-incubator\1.41.0-alpha\opentelemetry-api-incubator-1.41.0-alpha.jar;C:\Users\nisha\.m2\repository\io\opentelemetry\opentelemetry-sdk-trace\1.41.0\opentelemetry-sdk-trace-1.41.0.jar;C:\Users\nisha\.m2\repository\io\opentelemetry\opentelemetry-sdk\1.41.0\opentelemetry-sdk-1.41.0.jar;C:\Users\nisha\.m2\repository\io\opentelemetry\opentelemetry-sdk-metrics\1.41.0\opentelemetry-sdk-metrics-1.41.0.jar;C:\Users\nisha\.m2\repository\io\opentelemetry\opentelemetry-sdk-logs\1.41.0\opentelemetry-sdk-logs-1.41.0.jar;C:\Users\nisha\.m2\repository\net\bytebuddy\byte-buddy\1.15.0\byte-buddy-1.15.0.jar;C:\Users\nisha\.m2\repository\org\seleniumhq\selenium\selenium-os\4.24.0\selenium-os-4.24.0.jar;C:\Users\nisha\.m2\repository\org\apache\commons\commons-exec\1.4.0\commons-exec-1.4.0.jar;C:\Users\nisha\.m2\repository\org\seleniumhq\selenium\selenium-safari-driver\4.24.0\selenium-safari-driver-4.24.0.jar;C:\Users\nisha\.m2\repository\org\seleniumhq\selenium\selenium-support\4.24.0\selenium-support-4.24.0.jar;C:\Users\nisha\.m2\repository\io\cucumber\cucumber-java\7.18.1\cucumber-java-7.18.1.jar;C:\Users\nisha\.m2\repository\io\cucumber\cucumber-core\7.18.1\cucumber-core-7.18.1.jar;C:\Users\nisha\.m2\repository\io\cucumber\cucumber-gherkin\7.18.1\cucumber-gherkin-7.18.1.jar;C:\Users\nisha\.m2\repository\io\cucumber\cucumber-gherkin-messages\7.18.1\cucumber-gherkin-messages-7.18.1.jar;C:\Users\nisha\.m2\repository\io\cucumber\gherkin\28.0.0\gherkin-28.0.0.jar;C:\Users\nisha\.m2\repository\io\cucumber\messages\24.1.0\messages-24.1.0.jar;C:\Users\nisha\.m2\repository\io\cucumber\testng-xml-formatter\0.2.0\testng-xml-formatter-0.2.0.jar;C:\Users\nisha\.m2\repository\io\cucumber\query\12.2.0\query-12.2.0.jar;C:\Users\nisha\.m2\repository\io\cucumber\tag-expressions\6.1.0\tag-expressions-6.1.0.jar;C:\Users\nisha\.m2\repository\io\cucumber\cucumber-expressions\17.1.0\cucumber-expressions-17.1.0.jar;C:\Users\nisha\.m2\repository\io\cucumber\datatable\7.18.1\datatable-7.18.1.jar;C:\Users\nisha\.m2\repository\io\cucumber\cucumber-plugin\7.18.1\cucumber-plugin-7.18.1.jar;C:\Users\nisha\.m2\repository\io\cucumber\docstring\7.18.1\docstring-7.18.1.jar;C:\Users\nisha\.m2\repository\io\cucumber\html-formatter\21.4.1\html-formatter-21.4.1.jar;C:\Users\nisha\.m2\repository\io\cucumber\junit-xml-formatter\0.5.0\junit-xml-formatter-0.5.0.jar;C:\Users\nisha\.m2\repository\io\cucumber\ci-environment\10.0.1\ci-environment-10.0.1.jar;C:\Users\nisha\.m2\repository\org\apiguardian\apiguardian-api\1.1.2\apiguardian-api-1.1.2.jar;C:\Users\nisha\.m2\repository\org\testng\testng\7.10.2\testng-7.10.2.jar;C:\Users\nisha\.m2\repository\org\slf4j\slf4j-api\1.7.36\slf4j-api-1.7.36.jar;C:\Users\nisha\.m2\repository\com\beust\jcommander\1.82\jcommander-1.82.jar;C:\Users\nisha\.m2\repository\org\webjars\jquery\3.7.1\jquery-3.7.1.jar;C:\Users\nisha\.m2\repository\io\cucumber\cucumber-testng\7.15.0\cucumber-testng-7.15.0.jar;C:\Users\nisha\.m2\repository\io\cucumber\cucumber-picocontainer\7.18.1\cucumber-picocontainer-7.18.1.jar;C:\Users\nisha\.m2\repository\org\picocontainer\picocontainer\2.15\picocontainer-2.15.jar;C:\Users\nisha\.m2\repository\com\aventstack\extentreports\5.1.2\extentreports-5.1.2.jar;C:\Users\nisha\.m2\repository\io\reactivex\rxjava3\rxjava\3.1.6\rxjava-3.1.6.jar;C:\Users\nisha\.m2\repository\org\reactivestreams\reactive-streams\1.0.4\reactive-streams-1.0.4.jar;C:\Users\nisha\.m2\repository\org\freemarker\freemarker\2.3.32\freemarker-2.3.32.jar;C:\Users\nisha\.m2\repository\org\projectlombok\lombok\1.18.26\lombok-1.18.26.jar;C:\Users\nisha\.m2\repository\com\google\code\gson\gson\2.10.1\gson-2.10.1.jar;C:\Users\nisha\.m2\repository\org\apache\poi\poi\5.2.5\poi-5.2.5.jar;C:\Users\nisha\.m2\repository\commons-codec\commons-codec\1.16.0\commons-codec-1.16.0.jar;C:\Users\nisha\.m2\repository\org\apache\commons\commons-collections4\4.4\commons-collections4-4.4.jar;C:\Users\nisha\.m2\repository\org\apache\commons\commons-math3\3.6.1\commons-math3-3.6.1.jar;C:\Users\nisha\.m2\repository\commons-io\commons-io\2.15.0\commons-io-2.15.0.jar;C:\Users\nisha\.m2\repository\com\zaxxer\SparseBitSet\1.3\SparseBitSet-1.3.jar;C:\Users\nisha\.m2\repository\org\apache\logging\log4j\log4j-api\2.21.1\log4j-api-2.21.1.jar;C:\Users\nisha\.m2\repository\org\apache\poi\poi-ooxml\5.2.5\poi-ooxml-5.2.5.jar;C:\Users\nisha\.m2\repository\org\apache\poi\poi-ooxml-lite\5.2.5\poi-ooxml-lite-5.2.5.jar;C:\Users\nisha\.m2\repository\org\apache\xmlbeans\xmlbeans\5.2.0\xmlbeans-5.2.0.jar;C:\Users\nisha\.m2\repository\org\apache\commons\commons-compress\1.25.0\commons-compress-1.25.0.jar;C:\Users\nisha\.m2\repository\com\github\virtuald\curvesapi\1.08\curvesapi-1.08.jar;C:\Users\nisha\.m2\repository\org\json\json\20240303\json-20240303.jar;C:\Users\nisha\.m2\repository\io\rest-assured\rest-assured\5.5.0\rest-assured-5.5.0.jar;C:\Users\nisha\.m2\repository\org\apache\groovy\groovy\4.0.22\groovy-4.0.22.jar;C:\Users\nisha\.m2\repository\org\apache\groovy\groovy-xml\4.0.22\groovy-xml-4.0.22.jar;C:\Users\nisha\.m2\repository\org\apache\httpcomponents\httpclient\4.5.13\httpclient-4.5.13.jar;C:\Users\nisha\.m2\repository\org\apache\httpcomponents\httpcore\4.4.13\httpcore-4.4.13.jar;C:\Users\nisha\.m2\repository\commons-logging\commons-logging\1.2\commons-logging-1.2.jar;C:\Users\nisha\.m2\repository\org\apache\httpcomponents\httpmime\4.5.13\httpmime-4.5.13.jar;C:\Users\nisha\.m2\repository\org\hamcrest\hamcrest\2.2\hamcrest-2.2.jar;C:\Users\nisha\.m2\repository\org\ccil\cowan\tagsoup\tagsoup\1.2.1\tagsoup-1.2.1.jar;C:\Users\nisha\.m2\repository\io\rest-assured\json-path\5.5.0\json-path-5.5.0.jar;C:\Users\nisha\.m2\repository\org\apache\groovy\groovy-json\4.0.22\groovy-json-4.0.22.jar;C:\Users\nisha\.m2\repository\io\rest-assured\rest-assured-common\5.5.0\rest-assured-common-5.5.0.jar;C:\Users\nisha\.m2\repository\io\rest-assured\xml-path\5.5.0\xml-path-5.5.0.jar;C:\Users\nisha\.m2\repository\org\apache\commons\commons-lang3\3.11\commons-lang3-3.11.jar;C:\Users\nisha\.m2\repository\com\fasterxml\jackson\core\jackson-databind\2.17.2\jackson-databind-2.17.2.jar;C:\Users\nisha\.m2\repository\com\fasterxml\jackson\core\jackson-annotations\2.17.2\jackson-annotations-2.17.2.jar;C:\Users\nisha\.m2\repository\com\fasterxml\jackson\core\jackson-core\2.17.2\jackson-core-2.17.2.jar;"/>
    <property name="java.vm.vendor" value="Oracle Corporation"/>
    <property name="sun.arch.data.model" value="64"/>
    <property name="user.variant" value=""/>
    <property name="java.vendor.url" value="https://java.oracle.com/"/>
    <property name="user.timezone" value="Asia/Calcutta"/>
    <property name="os.name" value="Windows 11"/>
    <property name="java.vm.specification.version" value="21"/>
    <property name="sun.java.launcher" value="SUN_STANDARD"/>
    <property name="user.country" value="IN"/>
    <property name="sun.boot.library.path" value="C:\Program Files\Java\jdk-21\bin"/>
    <property name="sun.java.command" value="C:\Users\nisha\AppData\Local\Temp\surefire9248551564998717365\surefirebooter-20240925214039526_3.jar C:\Users\nisha\AppData\Local\Temp\surefire9248551564998717365 2024-09-25T21-40-39_266-jvmRun1 surefire-20240925214039526_1tmp surefire_0-20240925214039526_2tmp"/>
    <property name="jdk.debug" value="release"/>
    <property name="surefire.test.class.path" value="D:\Workspace_Sel\Selenium_Workspace\target\test-classes;D:\Workspace_Sel\Selenium_Workspace\target\classes;C:\Users\nisha\.m2\repository\org\seleniumhq\selenium\selenium-java\4.24.0\selenium-java-4.24.0.jar;C:\Users\nisha\.m2\repository\org\seleniumhq\selenium\selenium-api\4.24.0\selenium-api-4.24.0.jar;C:\Users\nisha\.m2\repository\org\jspecify\jspecify\1.0.0\jspecify-1.0.0.jar;C:\Users\nisha\.m2\repository\org\seleniumhq\selenium\selenium-chrome-driver\4.24.0\selenium-chrome-driver-4.24.0.jar;C:\Users\nisha\.m2\repository\com\google\auto\service\auto-service-annotations\1.1.1\auto-service-annotations-1.1.1.jar;C:\Users\nisha\.m2\repository\org\seleniumhq\selenium\selenium-chromium-driver\4.24.0\selenium-chromium-driver-4.24.0.jar;C:\Users\nisha\.m2\repository\org\seleniumhq\selenium\selenium-json\4.24.0\selenium-json-4.24.0.jar;C:\Users\nisha\.m2\repository\org\seleniumhq\selenium\selenium-manager\4.24.0\selenium-manager-4.24.0.jar;C:\Users\nisha\.m2\repository\org\seleniumhq\selenium\selenium-devtools-v126\4.24.0\selenium-devtools-v126-4.24.0.jar;C:\Users\nisha\.m2\repository\org\seleniumhq\selenium\selenium-devtools-v127\4.24.0\selenium-devtools-v127-4.24.0.jar;C:\Users\nisha\.m2\repository\org\seleniumhq\selenium\selenium-devtools-v128\4.24.0\selenium-devtools-v128-4.24.0.jar;C:\Users\nisha\.m2\repository\org\seleniumhq\selenium\selenium-devtools-v85\4.24.0\selenium-devtools-v85-4.24.0.jar;C:\Users\nisha\.m2\repository\org\seleniumhq\selenium\selenium-edge-driver\4.24.0\selenium-edge-driver-4.24.0.jar;C:\Users\nisha\.m2\repository\org\seleniumhq\selenium\selenium-firefox-driver\4.24.0\selenium-firefox-driver-4.24.0.jar;C:\Users\nisha\.m2\repository\org\seleniumhq\selenium\selenium-http\4.24.0\selenium-http-4.24.0.jar;C:\Users\nisha\.m2\repository\dev\failsafe\failsafe\3.3.2\failsafe-3.3.2.jar;C:\Users\nisha\.m2\repository\org\seleniumhq\selenium\selenium-ie-driver\4.24.0\selenium-ie-driver-4.24.0.jar;C:\Users\nisha\.m2\repository\org\seleniumhq\selenium\selenium-remote-driver\4.24.0\selenium-remote-driver-4.24.0.jar;C:\Users\nisha\.m2\repository\com\google\guava\guava\33.3.0-jre\guava-33.3.0-jre.jar;C:\Users\nisha\.m2\repository\com\google\guava\failureaccess\1.0.2\failureaccess-1.0.2.jar;C:\Users\nisha\.m2\repository\com\google\guava\listenablefuture\9999.0-empty-to-avoid-conflict-with-guava\listenablefuture-9999.0-empty-to-avoid-conflict-with-guava.jar;C:\Users\nisha\.m2\repository\com\google\code\findbugs\jsr305\3.0.2\jsr305-3.0.2.jar;C:\Users\nisha\.m2\repository\org\checkerframework\checker-qual\3.43.0\checker-qual-3.43.0.jar;C:\Users\nisha\.m2\repository\com\google\errorprone\error_prone_annotations\2.28.0\error_prone_annotations-2.28.0.jar;C:\Users\nisha\.m2\repository\com\google\j2objc\j2objc-annotations\3.0.0\j2objc-annotations-3.0.0.jar;C:\Users\nisha\.m2\repository\io\opentelemetry\semconv\opentelemetry-semconv\1.25.0-alpha\opentelemetry-semconv-1.25.0-alpha.jar;C:\Users\nisha\.m2\repository\io\opentelemetry\opentelemetry-api\1.41.0\opentelemetry-api-1.41.0.jar;C:\Users\nisha\.m2\repository\io\opentelemetry\opentelemetry-context\1.41.0\opentelemetry-context-1.41.0.jar;C:\Users\nisha\.m2\repository\io\opentelemetry\opentelemetry-exporter-logging\1.41.0\opentelemetry-exporter-logging-1.41.0.jar;C:\Users\nisha\.m2\repository\io\opentelemetry\opentelemetry-sdk-common\1.41.0\opentelemetry-sdk-common-1.41.0.jar;C:\Users\nisha\.m2\repository\io\opentelemetry\opentelemetry-sdk-extension-autoconfigure-spi\1.41.0\opentelemetry-sdk-extension-autoconfigure-spi-1.41.0.jar;C:\Users\nisha\.m2\repository\io\opentelemetry\opentelemetry-sdk-extension-autoconfigure\1.41.0\opentelemetry-sdk-extension-autoconfigure-1.41.0.jar;C:\Users\nisha\.m2\repository\io\opentelemetry\opentelemetry-api-incubator\1.41.0-alpha\opentelemetry-api-incubator-1.41.0-alpha.jar;C:\Users\nisha\.m2\repository\io\opentelemetry\opentelemetry-sdk-trace\1.41.0\opentelemetry-sdk-trace-1.41.0.jar;C:\Users\nisha\.m2\repository\io\opentelemetry\opentelemetry-sdk\1.41.0\opentelemetry-sdk-1.41.0.jar;C:\Users\nisha\.m2\repository\io\opentelemetry\opentelemetry-sdk-metrics\1.41.0\opentelemetry-sdk-metrics-1.41.0.jar;C:\Users\nisha\.m2\repository\io\opentelemetry\opentelemetry-sdk-logs\1.41.0\opentelemetry-sdk-logs-1.41.0.jar;C:\Users\nisha\.m2\repository\net\bytebuddy\byte-buddy\1.15.0\byte-buddy-1.15.0.jar;C:\Users\nisha\.m2\repository\org\seleniumhq\selenium\selenium-os\4.24.0\selenium-os-4.24.0.jar;C:\Users\nisha\.m2\repository\org\apache\commons\commons-exec\1.4.0\commons-exec-1.4.0.jar;C:\Users\nisha\.m2\repository\org\seleniumhq\selenium\selenium-safari-driver\4.24.0\selenium-safari-driver-4.24.0.jar;C:\Users\nisha\.m2\repository\org\seleniumhq\selenium\selenium-support\4.24.0\selenium-support-4.24.0.jar;C:\Users\nisha\.m2\repository\io\cucumber\cucumber-java\7.18.1\cucumber-java-7.18.1.jar;C:\Users\nisha\.m2\repository\io\cucumber\cucumber-core\7.18.1\cucumber-core-7.18.1.jar;C:\Users\nisha\.m2\repository\io\cucumber\cucumber-gherkin\7.18.1\cucumber-gherkin-7.18.1.jar;C:\Users\nisha\.m2\repository\io\cucumber\cucumber-gherkin-messages\7.18.1\cucumber-gherkin-messages-7.18.1.jar;C:\Users\nisha\.m2\repository\io\cucumber\gherkin\28.0.0\gherkin-28.0.0.jar;C:\Users\nisha\.m2\repository\io\cucumber\messages\24.1.0\messages-24.1.0.jar;C:\Users\nisha\.m2\repository\io\cucumber\testng-xml-formatter\0.2.0\testng-xml-formatter-0.2.0.jar;C:\Users\nisha\.m2\repository\io\cucumber\query\12.2.0\query-12.2.0.jar;C:\Users\nisha\.m2\repository\io\cucumber\tag-expressions\6.1.0\tag-expressions-6.1.0.jar;C:\Users\nisha\.m2\repository\io\cucumber\cucumber-expressions\17.1.0\cucumber-expressions-17.1.0.jar;C:\Users\nisha\.m2\repository\io\cucumber\datatable\7.18.1\datatable-7.18.1.jar;C:\Users\nisha\.m2\repository\io\cucumber\cucumber-plugin\7.18.1\cucumber-plugin-7.18.1.jar;C:\Users\nisha\.m2\repository\io\cucumber\docstring\7.18.1\docstring-7.18.1.jar;C:\Users\nisha\.m2\repository\io\cucumber\html-formatter\21.4.1\html-formatter-21.4.1.jar;C:\Users\nisha\.m2\repository\io\cucumber\junit-xml-formatter\0.5.0\junit-xml-formatter-0.5.0.jar;C:\Users\nisha\.m2\repository\io\cucumber\ci-environment\10.0.1\ci-environment-10.0.1.jar;C:\Users\nisha\.m2\repository\org\apiguardian\apiguardian-api\1.1.2\apiguardian-api-1.1.2.jar;C:\Users\nisha\.m2\repository\org\testng\testng\7.10.2\testng-7.10.2.jar;C:\Users\nisha\.m2\repository\org\slf4j\slf4j-api\1.7.36\slf4j-api-1.7.36.jar;C:\Users\nisha\.m2\repository\com\beust\jcommander\1.82\jcommander-1.82.jar;C:\Users\nisha\.m2\repository\org\webjars\jquery\3.7.1\jquery-3.7.1.jar;C:\Users\nisha\.m2\repository\io\cucumber\cucumber-testng\7.15.0\cucumber-testng-7.15.0.jar;C:\Users\nisha\.m2\repository\io\cucumber\cucumber-picocontainer\7.18.1\cucumber-picocontainer-7.18.1.jar;C:\Users\nisha\.m2\repository\org\picocontainer\picocontainer\2.15\picocontainer-2.15.jar;C:\Users\nisha\.m2\repository\com\aventstack\extentreports\5.1.2\extentreports-5.1.2.jar;C:\Users\nisha\.m2\repository\io\reactivex\rxjava3\rxjava\3.1.6\rxjava-3.1.6.jar;C:\Users\nisha\.m2\repository\org\reactivestreams\reactive-streams\1.0.4\reactive-streams-1.0.4.jar;C:\Users\nisha\.m2\repository\org\freemarker\freemarker\2.3.32\freemarker-2.3.32.jar;C:\Users\nisha\.m2\repository\org\projectlombok\lombok\1.18.26\lombok-1.18.26.jar;C:\Users\nisha\.m2\repository\com\google\code\gson\gson\2.10.1\gson-2.10.1.jar;C:\Users\nisha\.m2\repository\org\apache\poi\poi\5.2.5\poi-5.2.5.jar;C:\Users\nisha\.m2\repository\commons-codec\commons-codec\1.16.0\commons-codec-1.16.0.jar;C:\Users\nisha\.m2\repository\org\apache\commons\commons-collections4\4.4\commons-collections4-4.4.jar;C:\Users\nisha\.m2\repository\org\apache\commons\commons-math3\3.6.1\commons-math3-3.6.1.jar;C:\Users\nisha\.m2\repository\commons-io\commons-io\2.15.0\commons-io-2.15.0.jar;C:\Users\nisha\.m2\repository\com\zaxxer\SparseBitSet\1.3\SparseBitSet-1.3.jar;C:\Users\nisha\.m2\repository\org\apache\logging\log4j\log4j-api\2.21.1\log4j-api-2.21.1.jar;C:\Users\nisha\.m2\repository\org\apache\poi\poi-ooxml\5.2.5\poi-ooxml-5.2.5.jar;C:\Users\nisha\.m2\repository\org\apache\poi\poi-ooxml-lite\5.2.5\poi-ooxml-lite-5.2.5.jar;C:\Users\nisha\.m2\repository\org\apache\xmlbeans\xmlbeans\5.2.0\xmlbeans-5.2.0.jar;C:\Users\nisha\.m2\repository\org\apache\commons\commons-compress\1.25.0\commons-compress-1.25.0.jar;C:\Users\nisha\.m2\repository\com\github\virtuald\curvesapi\1.08\curvesapi-1.08.jar;C:\Users\nisha\.m2\repository\org\json\json\20240303\json-20240303.jar;C:\Users\nisha\.m2\repository\io\rest-assured\rest-assured\5.5.0\rest-assured-5.5.0.jar;C:\Users\nisha\.m2\repository\org\apache\groovy\groovy\4.0.22\groovy-4.0.22.jar;C:\Users\nisha\.m2\repository\org\apache\groovy\groovy-xml\4.0.22\groovy-xml-4.0.22.jar;C:\Users\nisha\.m2\repository\org\apache\httpcomponents\httpclient\4.5.13\httpclient-4.5.13.jar;C:\Users\nisha\.m2\repository\org\apache\httpcomponents\httpcore\4.4.13\httpcore-4.4.13.jar;C:\Users\nisha\.m2\repository\commons-logging\commons-logging\1.2\commons-logging-1.2.jar;C:\Users\nisha\.m2\repository\org\apache\httpcomponents\httpmime\4.5.13\httpmime-4.5.13.jar;C:\Users\nisha\.m2\repository\org\hamcrest\hamcrest\2.2\hamcrest-2.2.jar;C:\Users\nisha\.m2\repository\org\ccil\cowan\tagsoup\tagsoup\1.2.1\tagsoup-1.2.1.jar;C:\Users\nisha\.m2\repository\io\rest-assured\json-path\5.5.0\json-path-5.5.0.jar;C:\Users\nisha\.m2\repository\org\apache\groovy\groovy-json\4.0.22\groovy-json-4.0.22.jar;C:\Users\nisha\.m2\repository\io\rest-assured\rest-assured-common\5.5.0\rest-assured-common-5.5.0.jar;C:\Users\nisha\.m2\repository\io\rest-assured\xml-path\5.5.0\xml-path-5.5.0.jar;C:\Users\nisha\.m2\repository\org\apache\commons\commons-lang3\3.11\commons-lang3-3.11.jar;C:\Users\nisha\.m2\repository\com\fasterxml\jackson\core\jackson-databind\2.17.2\jackson-databind-2.17.2.jar;C:\Users\nisha\.m2\repository\com\fasterxml\jackson\core\jackson-annotations\2.17.2\jackson-annotations-2.17.2.jar;C:\Users\nisha\.m2\repository\com\fasterxml\jackson\core\jackson-core\2.17.2\jackson-core-2.17.2.jar;"/>
    <property name="sun.cpu.endian" value="little"/>
    <property name="user.home" value="C:\Users\nisha"/>
    <property name="user.language" value="en"/>
    <property name="java.specification.vendor" value="Oracle Corporation"/>
    <property name="java.version.date" value="2024-01-16"/>
    <property name="java.home" value="C:\Program Files\Java\jdk-21"/>
    <property name="file.separator" value="\"/>
    <property name="basedir" value="D:\Workspace_Sel\Selenium_Workspace"/>
    <property name="style.color" value="always"/>
    <property name="java.vm.compressedOopsMode" value="32-bit"/>
    <property name="line.separator" value="&#10;"/>
    <property name="java.vm.specification.vendor" value="Oracle Corporation"/>
    <property name="java.specification.name" value="Java Platform API Specification"/>
    <property name="surefire.real.class.path" value="C:\Users\nisha\AppData\Local\Temp\surefire9248551564998717365\surefirebooter-20240925214039526_3.jar"/>
    <property name="user.script" value=""/>
    <property name="sun.management.compiler" value="HotSpot 64-Bit Tiered Compilers"/>
    <property name="java.runtime.version" value="21.0.2+13-LTS-58"/>
    <property name="user.name" value="nisha"/>
    <property name="stdout.encoding" value="Cp1252"/>
    <property name="path.separator" value=";"/>
    <property name="os.version" value="10.0"/>
    <property name="java.runtime.name" value="Java(TM) SE Runtime Environment"/>
    <property name="file.encoding" value="UTF-8"/>
    <property name="java.vm.name" value="Java HotSpot(TM) 64-Bit Server VM"/>
    <property name="localRepository" value="C:\Users\nisha\.m2\repository"/>
    <property name="java.vendor.url.bug" value="https://bugreport.java.com/bugreport/"/>
    <property name="java.io.tmpdir" value="C:\Users\nisha\AppData\Local\Temp\"/>
    <property name="java.version" value="21.0.2"/>
    <property name="user.dir" value="D:\Workspace_Sel\Selenium_Workspace"/>
    <property name="os.arch" value="amd64"/>
    <property name="java.vm.specification.name" value="Java Virtual Machine Specification"/>
    <property name="sun.os.patch.level" value=""/>
    <property name="native.encoding" value="Cp1252"/>
    <property name="java.library.path" value="C:\Program Files\Java\jdk-21\bin;C:\windows\Sun\Java\bin;C:\windows\system32;C:\windows;C:/Users/nisha/.p2/pool/plugins/org.eclipse.justj.openjdk.hotspot.jre.full.win32.x86_64_17.0.10.v20240120-1143/jre/bin/server;C:/Users/nisha/.p2/pool/plugins/org.eclipse.justj.openjdk.hotspot.jre.full.win32.x86_64_17.0.10.v20240120-1143/jre/bin;C:\Program Files\Common Files\Oracle\Java\javapath;C:\windows\system32;C:\windows;C:\windows\System32\Wbem;C:\windows\System32\WindowsPowerShell\v1.0\;C:\windows\System32\OpenSSH\;C:\Program Files\Java\jdk-21\bin;C:\Program Files\Git\cmd;C:\Program Files\HP\HP One Agent;C:\Users\nisha\AppData\Local\Programs\Python\Python312\Scripts\;C:\Users\nisha\AppData\Local\Programs\Python\Python312\;C:\Users\nisha\AppData\Local\Microsoft\WindowsApps;C:\apache-maven-3.9.6\bin;C:\Program Files\JetBrains\PyCharm Community Edition 2023.3.5\bin;;C:\Program Files\Java\jdk-21\bin;;C:\Users\nisha\OneDrive\Desktop;;."/>
    <property name="java.vm.info" value="mixed mode, sharing"/>
    <property name="stderr.encoding" value="Cp1252"/>
    <property name="java.vendor" value="Oracle Corporation"/>
    <property name="java.vm.version" value="21.0.2+13-LTS-58"/>
    <property name="sun.io.unicode.encoding" value="UnicodeLittle"/>
    <property name="java.class.version" value="65.0"/>
    <property name="maven.test.failure.ignore" value="true"/>
  </properties>
  <testcase name="scenario[&quot;Title of your scenario&quot;, &quot;Title of your feature&quot;](1)" classname="Runner_file.RunnerFile" time="6.011">
    <system-out><![CDATA[Runnner is returning null: dataprovider
get_from_config(post_api_endpoint) = https://petstore3.swagger.io/api/v3/pet
check{"photoUrls":["url1"],"name":"Simmba","id":1,"category":{"name":"Lion","id":1},"status":"available","tags":[{"name":"Lion","id":1}]}
Expected_Result{"photoUrls":["url1"],"name":"Simmba","id":1,"category":{"name":"Lion","id":1},"status":"available","tags":[{"name":"Lion","id":1}]}
200
{
    "id": 1,
    "category": {
        "id": 1,
        "name": "Lion"
    },
    "name": "Simmba",
    "photoUrls": [
        "url1"
    ],
    "tags": [
        {
            "id": 1,
            "name": "Lion"
        }
    ],
    "status": "available"
}

TC_Id
TC_01
TC_02
TC_03
{TC_Description=Validate Post pet api, TC_Id=TC_01, Schema_Matched=Yes, Sceanrio_Type=Positive , Expected_Response_Code=200, Response_Schema_Validation_required=Yes , Response_Code_Matched=Yes, Expected_Response_Body={
    "photoUrls": ["url3"],
    "name": "Rocky",
    "id": 3,
    "category": {
        "name": "Cat",
        "id": 3
    },
    "status": "available",
    "tags": [{
        "name": "Cat",
        "id": 3
    }]
}, Actual_Response_Body={
    "id": 3,
    "category": {
        "id": 3,
        "name": "Cat"
    },
    "name": "Rocky",
    "photoUrls": [
        "url3"
    ],
    "tags": [
        {
            "id": 3,
            "name": "Cat"
        }
    ],
    "status": "available"
}, Actual_Response_Code=200}

TC_Id
TC_01
TC_02
TC_03
{TC_Description=Validate Post pet api, TC_Id=TC_01, Schema_Matched=Yes, Sceanrio_Type=Positive , Expected_Response_Code=200, Response_Schema_Validation_required=Yes , Response_Code_Matched=Yes, Expected_Response_Body={
    "photoUrls": ["url3"],
    "name": "Rocky",
    "id": 3,
    "category": {
        "name": "Cat",
        "id": 3
    },
    "status": "available",
    "tags": [{
        "name": "Cat",
        "id": 3
    }]
}, Actual_Response_Body={
    "id": 3,
    "category": {
        "id": 3,
        "name": "Cat"
    },
    "name": "Rocky",
    "photoUrls": [
        "url3"
    ],
    "tags": [
        {
            "id": 3,
            "name": "Cat"
        }
    ],
    "status": "available"
}, Actual_Response_Code=200}
loop1
loop1
loop2
loop3
loop3
loop3
loop3
loop3
loop3
loop3
loop3
Cell Value{"photoUrls":["url1"],"name":"Simmba","id":1,"category":{"name":"Lion","id":1},"status":"available","tags":[{"name":"Lion","id":1}]}
loop3
loop3
loop2
loop3
loop3
loop3
loop3
loop3
loop3
loop3
Cell ValueYes
loop3
loop3
loop3
loop2
loop3
loop3
loop3
loop3
loop3
loop3
loop3
loop3
loop3
Cell Value{
    "id": 1,
    "category": {
        "id": 1,
        "name": "Lion"
    },
    "name": "Simmba",
    "photoUrls": [
        "url1"
    ],
    "tags": [
        {
            "id": 1,
            "name": "Lion"
        }
    ],
    "status": "available"
}
loop3
loop2
loop3
loop3
loop3
loop3
loop3
loop3
Cell Value200
loop3
loop3
loop3
loop3
loop1
loop1
]]></system-out>
    <system-err><![CDATA[SLF4J: Failed to load class "org.slf4j.impl.StaticLoggerBinder".
SLF4J: Defaulting to no-operation (NOP) logger implementation
SLF4J: See http://www.slf4j.org/codes.html#StaticLoggerBinder for further details.
ERROR StatusLogger Log4j2 could not find a logging implementation. Please add log4j-core to the classpath. Using SimpleLogger to log to the console...
]]></system-err>
  </testcase>
  <testcase name="scenario[&quot;Title of your scenario&quot;, &quot;Title of your feature&quot;](2)" classname="Runner_file.RunnerFile" time="1.597">
    <system-out><![CDATA[TC_02
{tags_name=null, photoUrl=null, category_name=null, TC_Id=TC_02, category_id=, json_file_path=400statuscode.json, name=null, id=, tags_id=, status=null}
D:\Workspace_Sel\Selenium_Workspace/src/test/java/RequestBody/400statuscode.json
get_from_config(post_api_endpoint) = https://petstore3.swagger.io/api/v3/pet
check{
  "id": ,
  "name": "doggie",
  "category": {
    "id": 1,
    "name": "Dogs"
  },
  "photoUrls": [
    "url"
  ],
  "tags": [
    {
      "id": 0,
      "name": "tommy"
    }
  ],
  "status": "available"
}

Expected_Result{
  "id": ,
  "name": "doggie",
  "category": {
    "id": 1,
    "name": "Dogs"
  },
  "photoUrls": [
    "url"
  ],
  "tags": [
    {
      "id": 0,
      "name": "tommy"
    }
  ],
  "status": "available"
}

400
{
    "code": 400,
    "message": "Input error: unable to convert input to io.swagger.petstore.model.Pet"
}

TC_Id
TC_01
TC_02
TC_03
{TC_Description=Validate the api if mandatory field id value  is missing, TC_Id=TC_02, Schema_Matched=, Sceanrio_Type=Negative , Expected_Response_Code=400, Response_Schema_Validation_required=No, Response_Code_Matched=Yes, Expected_Response_Body={
  "id": ,
  "name": "doggie",
  "category": {
    "id": 1,
    "name": "Dogs"
  },
  "photoUrls": [
    "url"
  ],
  "tags": [
    {
      "id": 0,
      "name": "tommy"
    }
  ],
  "status": "available"
}
, Actual_Response_Body={
    "code": 400,
    "message": "Input error: unable to convert input to io.swagger.petstore.model.Pet"
}, Actual_Response_Code=400}

TC_Id
TC_01
TC_02
TC_03
{TC_Description=Validate the api if mandatory field id value  is missing, TC_Id=TC_02, Schema_Matched=, Sceanrio_Type=Negative , Expected_Response_Code=400, Response_Schema_Validation_required=No, Response_Code_Matched=Yes, Expected_Response_Body={
  "id": ,
  "name": "doggie",
  "category": {
    "id": 1,
    "name": "Dogs"
  },
  "photoUrls": [
    "url"
  ],
  "tags": [
    {
      "id": 0,
      "name": "tommy"
    }
  ],
  "status": "available"
}
, Actual_Response_Body={
    "code": 400,
    "message": "Input error: unable to convert input to io.swagger.petstore.model.Pet"
}, Actual_Response_Code=400}
loop1
loop1
loop1
loop2
loop3
loop3
loop3
loop3
loop3
loop3
loop3
loop3
Cell Value{
  "id": ,
  "name": "doggie",
  "category": {
    "id": 1,
    "name": "Dogs"
  },
  "photoUrls": [
    "url"
  ],
  "tags": [
    {
      "id": 0,
      "name": "tommy"
    }
  ],
  "status": "available"
}

loop3
loop3
loop2
loop3
loop3
loop3
loop3
loop3
loop3
loop3
Cell ValueYes
loop3
loop3
loop3
loop2
loop3
loop3
loop3
loop3
loop3
loop3
loop3
loop3
loop3
Cell Value{
    "code": 400,
    "message": "Input error: unable to convert input to io.swagger.petstore.model.Pet"
}
loop3
loop2
loop3
loop3
loop3
loop3
loop3
loop3
Cell Value400
loop3
loop3
loop3
loop3
loop1
]]></system-out>
  </testcase>
  <testcase name="scenario[&quot;Title of your scenario&quot;, &quot;Title of your feature&quot;](3)" classname="Runner_file.RunnerFile" time="1.515">
    <system-out><![CDATA[TC_03
{tags_name=null, photoUrl=null, category_name=null, TC_Id=TC_03, category_id=, json_file_path=500statuscode.json, name=null, id=, tags_id=, status=null}
D:\Workspace_Sel\Selenium_Workspace/src/test/java/RequestBody/500statuscode.json
get_from_config(post_api_endpoint) = https://petstore3.swagger.io/api/v3/pet
check{
  
  "name": "doggie",
  "category": {
    "id": 1,
    "name": "Dogs"
  },
  "photoUrls": [
    "string"
  ],
  "tags": [
    {
      "id":1,
      "name": "string"
    }
  ],
  "status": "available"
}

Expected_Result{
  
  "name": "doggie",
  "category": {
    "id": 1,
    "name": "Dogs"
  },
  "photoUrls": [
    "string"
  ],
  "tags": [
    {
      "id":1,
      "name": "string"
    }
  ],
  "status": "available"
}

500
{
    "code": 500,
    "message": "There was an error processing your request. It has been logged (ID: f231fdb3e2e5859b)"
}

TC_Id
TC_01
TC_02
TC_03
{TC_Description= if mandatory field id is missing , TC_Id=TC_03, Schema_Matched=, Sceanrio_Type=Negative , Expected_Response_Code=500, Response_Schema_Validation_required=No, Response_Code_Matched=Yes, Expected_Response_Body={
  
  "name": "doggie",
  "category": {
    "id": 1,
    "name": "Dogs"
  },
  "photoUrls": [
    "string"
  ],
  "tags": [
    {
      "id":1,
      "name": "string"
    }
  ],
  "status": "available"
}
, Actual_Response_Body={
    "code": 500,
    "message": "There was an error processing your request. It has been logged (ID: a83fc1585898b683)"
}, Actual_Response_Code=500}

TC_Id
TC_01
TC_02
TC_03
{TC_Description= if mandatory field id is missing , TC_Id=TC_03, Schema_Matched=, Sceanrio_Type=Negative , Expected_Response_Code=500, Response_Schema_Validation_required=No, Response_Code_Matched=Yes, Expected_Response_Body={
  
  "name": "doggie",
  "category": {
    "id": 1,
    "name": "Dogs"
  },
  "photoUrls": [
    "string"
  ],
  "tags": [
    {
      "id":1,
      "name": "string"
    }
  ],
  "status": "available"
}
, Actual_Response_Body={
    "code": 500,
    "message": "There was an error processing your request. It has been logged (ID: a83fc1585898b683)"
}, Actual_Response_Code=500}
loop1
loop1
loop1
loop1
loop2
loop3
loop3
loop3
loop3
loop3
loop3
loop3
loop3
Cell Value{
  
  "name": "doggie",
  "category": {
    "id": 1,
    "name": "Dogs"
  },
  "photoUrls": [
    "string"
  ],
  "tags": [
    {
      "id":1,
      "name": "string"
    }
  ],
  "status": "available"
}

loop3
loop3
loop2
loop3
loop3
loop3
loop3
loop3
loop3
loop3
Cell ValueYes
loop3
loop3
loop3
loop2
loop3
loop3
loop3
loop3
loop3
loop3
loop3
loop3
loop3
Cell Value{
    "code": 500,
    "message": "There was an error processing your request. It has been logged (ID: f231fdb3e2e5859b)"
}
loop3
loop2
loop3
loop3
loop3
loop3
loop3
loop3
Cell Value500
loop3
loop3
loop3
loop3
]]></system-out>
  </testcase>
</testsuite>