<?xml version="1.0" encoding="UTF-8"?>
<!-- Generated by org.testng.reporters.JUnitReportReporter -->
<testsuite hostname="Fatima" failures="0" tests="1" name="Runner_file.RunnerFile" time="10.699" errors="0" timestamp="2024-09-14T00:16:39 IST" skipped="0">
  <testcase classname="Runner_file.RunnerFile" name="scenario" time="10.699"/>
</testsuite> <!-- Runner_file.RunnerFile -->
