<?xml version="1.0" encoding="UTF-8"?>
<!-- Generated by org.testng.reporters.JUnitReportReporter -->
<testsuite hostname="Fatima" failures="0" tests="1" name="Runner_file.RunnerFile" time="5.345" errors="0" timestamp="2024-09-22T23:38:41 IST" skipped="0">
  <testcase classname="Runner_file.RunnerFile" name="scenario" time="5.345"/>
</testsuite> <!-- Runner_file.RunnerFile -->
