<?xml version="1.0" encoding="UTF-8"?>
<!-- Generated by org.testng.reporters.JUnitReportReporter -->
<testsuite hostname="Fatima" failures="0" tests="3" name="Runner_file.RunnerFile" time="9.103" errors="0" timestamp="2024-09-25T21:40:53 IST" skipped="0">
  <testcase classname="Runner_file.RunnerFile" name="scenario" time="6.008"/>
  <testcase classname="Runner_file.RunnerFile" name="scenario" time="1.591"/>
  <testcase classname="Runner_file.RunnerFile" name="scenario" time="1.504"/>
</testsuite> <!-- Runner_file.RunnerFile -->
